[debug] [2023-06-22T09:22:53.267Z] ----------------------------------------------------------------------
[debug] [2023-06-22T09:22:53.269Z] Command:       C:\Program Files\nodejs\node.exe C:\Users\HP\AppData\Roaming\npm\node_modules\firebase-tools\lib\bin\firebase.js emulators:start
[debug] [2023-06-22T09:22:53.269Z] CLI Version:   12.3.1
[debug] [2023-06-22T09:22:53.269Z] Platform:      win32
[debug] [2023-06-22T09:22:53.269Z] Node Version:  v18.16.0
[debug] [2023-06-22T09:22:53.270Z] Time:          Thu Jun 22 2023 14:52:53 GMT+0530 (India Standard Time)
[debug] [2023-06-22T09:22:53.270Z] ----------------------------------------------------------------------
[debug] 
[debug] [2023-06-22T09:22:53.367Z] > command requires scopes: ["email","openid","https://www.googleapis.com/auth/cloudplatformprojects.readonly","https://www.googleapis.com/auth/firebase","https://www.googleapis.com/auth/cloud-platform"]
[debug] [2023-06-22T09:22:53.367Z] > authorizing via signed-in user (rakeshhopes105@gmail.com)
[info] i  emulators: Starting emulators: functions, hosting {"metadata":{"emulator":{"name":"hub"},"message":"Starting emulators: functions, hosting"}}
[debug] [2023-06-22T09:22:53.380Z] [logging] Logging Emulator only supports listening on one address (127.0.0.1). Not listening on ::1
[debug] [2023-06-22T09:22:53.380Z] [hosting] Hosting Emulator only supports listening on one address (127.0.0.1). Not listening on ::1
[debug] [2023-06-22T09:22:53.381Z] assigned listening specs for emulators {"user":{"hub":[{"address":"127.0.0.1","family":"IPv4","port":4400},{"address":"::1","family":"IPv6","port":4400}],"ui":[{"address":"127.0.0.1","family":"IPv4","port":4000},{"address":"::1","family":"IPv6","port":4000}],"logging":[{"address":"127.0.0.1","family":"IPv4","port":4500}],"hosting":[{"address":"127.0.0.1","family":"IPv4","port":5000}]},"metadata":{"message":"assigned listening specs for emulators"}}
[debug] [2023-06-22T09:22:53.397Z] [hub] writing locator at C:\Users\HP\AppData\Local\Temp\hub-challenge-811f2.json
[debug] [2023-06-22T09:22:53.415Z] [functions] Functions Emulator only supports listening on one address (127.0.0.1). Not listening on ::1
[debug] [2023-06-22T09:22:53.415Z] [eventarc] Eventarc Emulator only supports listening on one address (127.0.0.1). Not listening on ::1
[debug] [2023-06-22T09:22:53.415Z] late-assigned ports for functions and eventarc emulators {"user":{"hub":[{"address":"127.0.0.1","family":"IPv4","port":4400},{"address":"::1","family":"IPv6","port":4400}],"ui":[{"address":"127.0.0.1","family":"IPv4","port":4000},{"address":"::1","family":"IPv6","port":4000}],"logging":[{"address":"127.0.0.1","family":"IPv4","port":4500}],"hosting":[{"address":"127.0.0.1","family":"IPv4","port":5000}],"functions":[{"address":"127.0.0.1","family":"IPv4","port":5001}],"eventarc":[{"address":"127.0.0.1","family":"IPv4","port":9299}]},"metadata":{"message":"late-assigned ports for functions and eventarc emulators"}}
[warn] !  functions: The following emulators are not running, calls to these services from the Functions emulator will affect production: auth, firestore, database, pubsub, storage {"metadata":{"emulator":{"name":"functions"},"message":"The following emulators are not running, calls to these services from the Functions emulator will affect production: \u001b[1mauth, firestore, database, pubsub, storage\u001b[22m"}}
[debug] [2023-06-22T09:22:53.425Z] defaultcredentials: writing to file C:\Users\HP\AppData\Roaming\firebase\rakeshhopes105_gmail_com_application_default_credentials.json
[debug] [2023-06-22T09:22:53.437Z] Setting GAC to C:\Users\HP\AppData\Roaming\firebase\rakeshhopes105_gmail_com_application_default_credentials.json {"metadata":{"emulator":{"name":"functions"},"message":"Setting GAC to C:\\Users\\HP\\AppData\\Roaming\\firebase\\rakeshhopes105_gmail_com_application_default_credentials.json"}}
[debug] [2023-06-22T09:22:53.440Z] >>> [apiv2][query] GET https://firebase.googleapis.com/v1beta1/projects/challenge-811f2/adminSdkConfig [none]
[debug] [2023-06-22T09:22:54.148Z] <<< [apiv2][status] GET https://firebase.googleapis.com/v1beta1/projects/challenge-811f2/adminSdkConfig 200
[debug] [2023-06-22T09:22:54.148Z] <<< [apiv2][body] GET https://firebase.googleapis.com/v1beta1/projects/challenge-811f2/adminSdkConfig {"projectId":"challenge-811f2","storageBucket":"challenge-811f2.appspot.com"}
[debug] [2023-06-22T09:22:54.169Z] >>> [apiv2][query] GET https://firebasehosting.googleapis.com/v1beta1/projects/challenge-811f2/sites 
[debug] [2023-06-22T09:22:55.591Z] <<< [apiv2][status] GET https://firebasehosting.googleapis.com/v1beta1/projects/challenge-811f2/sites 200
[debug] [2023-06-22T09:22:55.592Z] <<< [apiv2][body] GET https://firebasehosting.googleapis.com/v1beta1/projects/challenge-811f2/sites {"sites":[{"name":"projects/challenge-811f2/sites/challenge-811f2","defaultUrl":"https://challenge-811f2.web.app","appId":"1:988968183882:web:166ef0d8b24f13a5641eb3","type":"DEFAULT_SITE"}]}
[debug] [2023-06-22T09:22:55.592Z] >>> [apiv2][query] GET https://firebase.googleapis.com/v1beta1/projects/challenge-811f2/webApps/1:988968183882:web:166ef0d8b24f13a5641eb3/config [none]
[debug] [2023-06-22T09:22:57.165Z] <<< [apiv2][status] GET https://firebase.googleapis.com/v1beta1/projects/challenge-811f2/webApps/1:988968183882:web:166ef0d8b24f13a5641eb3/config 200
[debug] [2023-06-22T09:22:57.165Z] <<< [apiv2][body] GET https://firebase.googleapis.com/v1beta1/projects/challenge-811f2/webApps/1:988968183882:web:166ef0d8b24f13a5641eb3/config {"projectId":"challenge-811f2","appId":"1:988968183882:web:166ef0d8b24f13a5641eb3","storageBucket":"challenge-811f2.appspot.com","apiKey":"AIzaSyCkuPz7YBjzaMAsLQ8alk8OTTVZItAWFss","authDomain":"challenge-811f2.firebaseapp.com","messagingSenderId":"988968183882","measurementId":"G-5D5FRDE1L6"}
[debug] [2023-06-22T09:22:57.175Z] >>> [apiv2][query] GET https://firebase.googleapis.com/v1beta1/projects/challenge-811f2 [none]
[debug] [2023-06-22T09:22:57.883Z] <<< [apiv2][status] GET https://firebase.googleapis.com/v1beta1/projects/challenge-811f2 200
[debug] [2023-06-22T09:22:57.883Z] <<< [apiv2][body] GET https://firebase.googleapis.com/v1beta1/projects/challenge-811f2 {"projectId":"challenge-811f2","projectNumber":"988968183882","displayName":"amazon-challenge","name":"projects/challenge-811f2","resources":{"hostingSite":"challenge-811f2"},"state":"ACTIVE","etag":"1_29aab14e-e4d0-43da-bcf7-7389524f6e74"}
[info] i  hosting[challenge-811f2]: Serving hosting files from: build {"metadata":{"emulator":{"name":"hosting"},"message":"Serving hosting files from: \u001b[1mbuild\u001b[22m"}}
[info] +  hosting[challenge-811f2]: Local server: http://127.0.0.1:5000 {"metadata":{"emulator":{"name":"hosting"},"message":"Local server: \u001b[4m\u001b[1mhttp://127.0.0.1:5000\u001b[22m\u001b[24m"}}
[info] i  ui: downloading ui-v1.11.6.zip... {"metadata":{"emulator":{"name":"ui"},"message":"downloading ui-v1.11.6.zip..."}}
[debug] [2023-06-22T09:22:57.921Z] >>> [apiv2][query] GET https://storage.googleapis.com/firebase-preview-drop/emulator/ui-v1.11.6.zip 
[debug] [2023-06-22T09:22:58.510Z] <<< [apiv2][status] GET https://storage.googleapis.com/firebase-preview-drop/emulator/ui-v1.11.6.zip 200
[debug] [2023-06-22T09:22:58.510Z] <<< [apiv2][body] GET https://storage.googleapis.com/firebase-preview-drop/emulator/ui-v1.11.6.zip [stream]
[debug] [2023-06-22T09:23:02.125Z] Data is 3063444
[debug] [2023-06-22T09:23:02.125Z] [unzip] Entry: client/ (compressed_size=0 bytes, uncompressed_size=0 bytes)
[debug] [2023-06-22T09:23:02.125Z] [unzip] Processing entry: client\
[debug] [2023-06-22T09:23:02.125Z] [unzip] mkdir: C:\Users\HP\.cache\firebase\emulators\ui-v1.11.6\client\
[debug] [2023-06-22T09:23:02.127Z] [unzip] Entry: client/favicon.ico (compressed_size=2497 bytes, uncompressed_size=7406 bytes)
[debug] [2023-06-22T09:23:02.127Z] [unzip] Processing entry: client\favicon.ico
[debug] [2023-06-22T09:23:02.127Z] [unzip] else mkdir: C:\Users\HP\.cache\firebase\emulators\ui-v1.11.6\client
[debug] [2023-06-22T09:23:02.127Z] [unzip] deflating: C:\Users\HP\.cache\firebase\emulators\ui-v1.11.6\client\favicon.ico
[debug] [2023-06-22T09:23:02.130Z] [unzip] Entry: client/apple-touch-icon.png (compressed_size=7231 bytes, uncompressed_size=7367 bytes)
[debug] [2023-06-22T09:23:02.130Z] [unzip] Processing entry: client\apple-touch-icon.png
[debug] [2023-06-22T09:23:02.130Z] [unzip] else mkdir: C:\Users\HP\.cache\firebase\emulators\ui-v1.11.6\client
[debug] [2023-06-22T09:23:02.131Z] [unzip] deflating: C:\Users\HP\.cache\firebase\emulators\ui-v1.11.6\client\apple-touch-icon.png
[debug] [2023-06-22T09:23:02.133Z] [unzip] Entry: client/android-chrome-512x512.png (compressed_size=16987 bytes, uncompressed_size=18186 bytes)
[debug] [2023-06-22T09:23:02.133Z] [unzip] Processing entry: client\android-chrome-512x512.png
[debug] [2023-06-22T09:23:02.133Z] [unzip] else mkdir: C:\Users\HP\.cache\firebase\emulators\ui-v1.11.6\client
[debug] [2023-06-22T09:23:02.133Z] [unzip] deflating: C:\Users\HP\.cache\firebase\emulators\ui-v1.11.6\client\android-chrome-512x512.png
[debug] [2023-06-22T09:23:02.136Z] [unzip] Entry: client/assets/ (compressed_size=0 bytes, uncompressed_size=0 bytes)
[debug] [2023-06-22T09:23:02.137Z] [unzip] Processing entry: client\assets\
[debug] [2023-06-22T09:23:02.137Z] [unzip] mkdir: C:\Users\HP\.cache\firebase\emulators\ui-v1.11.6\client\assets\
[debug] [2023-06-22T09:23:02.137Z] [unzip] Entry: client/assets/extensions/ (compressed_size=0 bytes, uncompressed_size=0 bytes)
[debug] [2023-06-22T09:23:02.137Z] [unzip] Processing entry: client\assets\extensions\
[debug] [2023-06-22T09:23:02.137Z] [unzip] mkdir: C:\Users\HP\.cache\firebase\emulators\ui-v1.11.6\client\assets\extensions\
[debug] [2023-06-22T09:23:02.138Z] [unzip] Entry: client/assets/extensions/default-extension.png (compressed_size=1646 bytes, uncompressed_size=1657 bytes)
[debug] [2023-06-22T09:23:02.138Z] [unzip] Processing entry: client\assets\extensions\default-extension.png
[debug] [2023-06-22T09:23:02.138Z] [unzip] else mkdir: C:\Users\HP\.cache\firebase\emulators\ui-v1.11.6\client\assets\extensions
[debug] [2023-06-22T09:23:02.138Z] [unzip] deflating: C:\Users\HP\.cache\firebase\emulators\ui-v1.11.6\client\assets\extensions\default-extension.png
[debug] [2023-06-22T09:23:02.140Z] [unzip] Entry: client/assets/index.85584c3f.js (compressed_size=526096 bytes, uncompressed_size=1859818 bytes)
[debug] [2023-06-22T09:23:02.140Z] [unzip] Processing entry: client\assets\index.85584c3f.js
[debug] [2023-06-22T09:23:02.140Z] [unzip] else mkdir: C:\Users\HP\.cache\firebase\emulators\ui-v1.11.6\client\assets
[debug] [2023-06-22T09:23:02.140Z] [unzip] deflating: C:\Users\HP\.cache\firebase\emulators\ui-v1.11.6\client\assets\index.85584c3f.js
[debug] [2023-06-22T09:23:02.152Z] [unzip] Entry: client/assets/provider-icons/ (compressed_size=0 bytes, uncompressed_size=0 bytes)
[debug] [2023-06-22T09:23:02.152Z] [unzip] Processing entry: client\assets\provider-icons\
[debug] [2023-06-22T09:23:02.152Z] [unzip] mkdir: C:\Users\HP\.cache\firebase\emulators\ui-v1.11.6\client\assets\provider-icons\
[debug] [2023-06-22T09:23:02.153Z] [unzip] Entry: client/assets/provider-icons/auth_service_oidc.svg (compressed_size=414 bytes, uncompressed_size=858 bytes)
[debug] [2023-06-22T09:23:02.153Z] [unzip] Processing entry: client\assets\provider-icons\auth_service_oidc.svg
[debug] [2023-06-22T09:23:02.153Z] [unzip] else mkdir: C:\Users\HP\.cache\firebase\emulators\ui-v1.11.6\client\assets\provider-icons
[debug] [2023-06-22T09:23:02.153Z] [unzip] deflating: C:\Users\HP\.cache\firebase\emulators\ui-v1.11.6\client\assets\provider-icons\auth_service_oidc.svg
[debug] [2023-06-22T09:23:02.154Z] [unzip] Entry: client/assets/provider-icons/auth_service_yahoo.svg (compressed_size=577 bytes, uncompressed_size=1182 bytes)
[debug] [2023-06-22T09:23:02.154Z] [unzip] Processing entry: client\assets\provider-icons\auth_service_yahoo.svg
[debug] [2023-06-22T09:23:02.154Z] [unzip] else mkdir: C:\Users\HP\.cache\firebase\emulators\ui-v1.11.6\client\assets\provider-icons
[debug] [2023-06-22T09:23:02.154Z] [unzip] deflating: C:\Users\HP\.cache\firebase\emulators\ui-v1.11.6\client\assets\provider-icons\auth_service_yahoo.svg
[debug] [2023-06-22T09:23:02.155Z] [unzip] Entry: client/assets/provider-icons/auth_service_phone.svg (compressed_size=261 bytes, uncompressed_size=414 bytes)
[debug] [2023-06-22T09:23:02.156Z] [unzip] Processing entry: client\assets\provider-icons\auth_service_phone.svg
[debug] [2023-06-22T09:23:02.156Z] [unzip] else mkdir: C:\Users\HP\.cache\firebase\emulators\ui-v1.11.6\client\assets\provider-icons
[debug] [2023-06-22T09:23:02.156Z] [unzip] deflating: C:\Users\HP\.cache\firebase\emulators\ui-v1.11.6\client\assets\provider-icons\auth_service_phone.svg
[debug] [2023-06-22T09:23:02.157Z] [unzip] Entry: client/assets/provider-icons/auth_service_saml.svg (compressed_size=575 bytes, uncompressed_size=1226 bytes)
[debug] [2023-06-22T09:23:02.157Z] [unzip] Processing entry: client\assets\provider-icons\auth_service_saml.svg
[debug] [2023-06-22T09:23:02.157Z] [unzip] else mkdir: C:\Users\HP\.cache\firebase\emulators\ui-v1.11.6\client\assets\provider-icons
[debug] [2023-06-22T09:23:02.157Z] [unzip] deflating: C:\Users\HP\.cache\firebase\emulators\ui-v1.11.6\client\assets\provider-icons\auth_service_saml.svg
[debug] [2023-06-22T09:23:02.158Z] [unzip] Entry: client/assets/provider-icons/auth_service_mslive.svg (compressed_size=203 bytes, uncompressed_size=378 bytes)
[debug] [2023-06-22T09:23:02.158Z] [unzip] Processing entry: client\assets\provider-icons\auth_service_mslive.svg
[debug] [2023-06-22T09:23:02.158Z] [unzip] else mkdir: C:\Users\HP\.cache\firebase\emulators\ui-v1.11.6\client\assets\provider-icons
[debug] [2023-06-22T09:23:02.159Z] [unzip] deflating: C:\Users\HP\.cache\firebase\emulators\ui-v1.11.6\client\assets\provider-icons\auth_service_mslive.svg
[debug] [2023-06-22T09:23:02.159Z] [unzip] Entry: client/assets/provider-icons/auth_service_facebook.svg (compressed_size=289 bytes, uncompressed_size=457 bytes)
[debug] [2023-06-22T09:23:02.159Z] [unzip] Processing entry: client\assets\provider-icons\auth_service_facebook.svg
[debug] [2023-06-22T09:23:02.159Z] [unzip] else mkdir: C:\Users\HP\.cache\firebase\emulators\ui-v1.11.6\client\assets\provider-icons
[debug] [2023-06-22T09:23:02.160Z] [unzip] deflating: C:\Users\HP\.cache\firebase\emulators\ui-v1.11.6\client\assets\provider-icons\auth_service_facebook.svg
[debug] [2023-06-22T09:23:02.160Z] [unzip] Entry: client/assets/provider-icons/auth_service_play_games.svg (compressed_size=565 bytes, uncompressed_size=1173 bytes)
[debug] [2023-06-22T09:23:02.160Z] [unzip] Processing entry: client\assets\provider-icons\auth_service_play_games.svg
[debug] [2023-06-22T09:23:02.161Z] [unzip] else mkdir: C:\Users\HP\.cache\firebase\emulators\ui-v1.11.6\client\assets\provider-icons
[debug] [2023-06-22T09:23:02.161Z] [unzip] deflating: C:\Users\HP\.cache\firebase\emulators\ui-v1.11.6\client\assets\provider-icons\auth_service_play_games.svg
[debug] [2023-06-22T09:23:02.162Z] [unzip] Entry: client/assets/provider-icons/auth_service_github.svg (compressed_size=466 bytes, uncompressed_size=838 bytes)
[debug] [2023-06-22T09:23:02.162Z] [unzip] Processing entry: client\assets\provider-icons\auth_service_github.svg
[debug] [2023-06-22T09:23:02.162Z] [unzip] else mkdir: C:\Users\HP\.cache\firebase\emulators\ui-v1.11.6\client\assets\provider-icons
[debug] [2023-06-22T09:23:02.162Z] [unzip] deflating: C:\Users\HP\.cache\firebase\emulators\ui-v1.11.6\client\assets\provider-icons\auth_service_github.svg
[debug] [2023-06-22T09:23:02.163Z] [unzip] Entry: client/assets/provider-icons/auth_service_apple.svg (compressed_size=230 bytes, uncompressed_size=334 bytes)
[debug] [2023-06-22T09:23:02.163Z] [unzip] Processing entry: client\assets\provider-icons\auth_service_apple.svg
[debug] [2023-06-22T09:23:02.163Z] [unzip] else mkdir: C:\Users\HP\.cache\firebase\emulators\ui-v1.11.6\client\assets\provider-icons
[debug] [2023-06-22T09:23:02.163Z] [unzip] deflating: C:\Users\HP\.cache\firebase\emulators\ui-v1.11.6\client\assets\provider-icons\auth_service_apple.svg
[debug] [2023-06-22T09:23:02.164Z] [unzip] Entry: client/assets/provider-icons/auth_service_google.svg (compressed_size=409 bytes, uncompressed_size=720 bytes)
[debug] [2023-06-22T09:23:02.165Z] [unzip] Processing entry: client\assets\provider-icons\auth_service_google.svg
[debug] [2023-06-22T09:23:02.165Z] [unzip] else mkdir: C:\Users\HP\.cache\firebase\emulators\ui-v1.11.6\client\assets\provider-icons
[debug] [2023-06-22T09:23:02.165Z] [unzip] deflating: C:\Users\HP\.cache\firebase\emulators\ui-v1.11.6\client\assets\provider-icons\auth_service_google.svg
[debug] [2023-06-22T09:23:02.166Z] [unzip] Entry: client/assets/provider-icons/auth_service_email.svg (compressed_size=228 bytes, uncompressed_size=326 bytes)
[debug] [2023-06-22T09:23:02.166Z] [unzip] Processing entry: client\assets\provider-icons\auth_service_email.svg
[debug] [2023-06-22T09:23:02.166Z] [unzip] else mkdir: C:\Users\HP\.cache\firebase\emulators\ui-v1.11.6\client\assets\provider-icons
[debug] [2023-06-22T09:23:02.166Z] [unzip] deflating: C:\Users\HP\.cache\firebase\emulators\ui-v1.11.6\client\assets\provider-icons\auth_service_email.svg
[debug] [2023-06-22T09:23:02.167Z] [unzip] Entry: client/assets/provider-icons/auth_service_twitter.svg (compressed_size=444 bytes, uncompressed_size=751 bytes)
[debug] [2023-06-22T09:23:02.167Z] [unzip] Processing entry: client\assets\provider-icons\auth_service_twitter.svg
[debug] [2023-06-22T09:23:02.167Z] [unzip] else mkdir: C:\Users\HP\.cache\firebase\emulators\ui-v1.11.6\client\assets\provider-icons
[debug] [2023-06-22T09:23:02.167Z] [unzip] deflating: C:\Users\HP\.cache\firebase\emulators\ui-v1.11.6\client\assets\provider-icons\auth_service_twitter.svg
[debug] [2023-06-22T09:23:02.168Z] [unzip] Entry: client/assets/provider-icons/auth_service_game_center.svg (compressed_size=991 bytes, uncompressed_size=3921 bytes)
[debug] [2023-06-22T09:23:02.168Z] [unzip] Processing entry: client\assets\provider-icons\auth_service_game_center.svg
[debug] [2023-06-22T09:23:02.168Z] [unzip] else mkdir: C:\Users\HP\.cache\firebase\emulators\ui-v1.11.6\client\assets\provider-icons
[debug] [2023-06-22T09:23:02.168Z] [unzip] deflating: C:\Users\HP\.cache\firebase\emulators\ui-v1.11.6\client\assets\provider-icons\auth_service_game_center.svg
[debug] [2023-06-22T09:23:02.169Z] [unzip] Entry: client/assets/img/ (compressed_size=0 bytes, uncompressed_size=0 bytes)
[debug] [2023-06-22T09:23:02.169Z] [unzip] Processing entry: client\assets\img\
[debug] [2023-06-22T09:23:02.169Z] [unzip] mkdir: C:\Users\HP\.cache\firebase\emulators\ui-v1.11.6\client\assets\img\
[debug] [2023-06-22T09:23:02.169Z] [unzip] Entry: client/assets/img/database.png (compressed_size=29449 bytes, uncompressed_size=29988 bytes)
[debug] [2023-06-22T09:23:02.169Z] [unzip] Processing entry: client\assets\img\database.png
[debug] [2023-06-22T09:23:02.169Z] [unzip] else mkdir: C:\Users\HP\.cache\firebase\emulators\ui-v1.11.6\client\assets\img
[debug] [2023-06-22T09:23:02.170Z] [unzip] deflating: C:\Users\HP\.cache\firebase\emulators\ui-v1.11.6\client\assets\img\database.png
[debug] [2023-06-22T09:23:02.171Z] [unzip] Entry: client/assets/index.b9383ce5.css (compressed_size=37605 bytes, uncompressed_size=321268 bytes)
[debug] [2023-06-22T09:23:02.171Z] [unzip] Processing entry: client\assets\index.b9383ce5.css
[debug] [2023-06-22T09:23:02.171Z] [unzip] else mkdir: C:\Users\HP\.cache\firebase\emulators\ui-v1.11.6\client\assets
[debug] [2023-06-22T09:23:02.171Z] [unzip] deflating: C:\Users\HP\.cache\firebase\emulators\ui-v1.11.6\client\assets\index.b9383ce5.css
[debug] [2023-06-22T09:23:02.172Z] [unzip] Entry: client/assets/index.85584c3f.js.map (compressed_size=1778028 bytes, uncompressed_size=7960238 bytes)
[debug] [2023-06-22T09:23:02.172Z] [unzip] Processing entry: client\assets\index.85584c3f.js.map
[debug] [2023-06-22T09:23:02.172Z] [unzip] else mkdir: C:\Users\HP\.cache\firebase\emulators\ui-v1.11.6\client\assets
[debug] [2023-06-22T09:23:02.173Z] [unzip] deflating: C:\Users\HP\.cache\firebase\emulators\ui-v1.11.6\client\assets\index.85584c3f.js.map
[debug] [2023-06-22T09:23:02.202Z] [unzip] Entry: client/safari-pinned-tab.svg (compressed_size=838 bytes, uncompressed_size=1504 bytes)
[debug] [2023-06-22T09:23:02.202Z] [unzip] Processing entry: client\safari-pinned-tab.svg
[debug] [2023-06-22T09:23:02.202Z] [unzip] else mkdir: C:\Users\HP\.cache\firebase\emulators\ui-v1.11.6\client
[debug] [2023-06-22T09:23:02.202Z] [unzip] deflating: C:\Users\HP\.cache\firebase\emulators\ui-v1.11.6\client\safari-pinned-tab.svg
[debug] [2023-06-22T09:23:02.203Z] [unzip] Entry: client/mstile-150x150.png (compressed_size=5406 bytes, uncompressed_size=5723 bytes)
[debug] [2023-06-22T09:23:02.203Z] [unzip] Processing entry: client\mstile-150x150.png
[debug] [2023-06-22T09:23:02.203Z] [unzip] else mkdir: C:\Users\HP\.cache\firebase\emulators\ui-v1.11.6\client
[debug] [2023-06-22T09:23:02.204Z] [unzip] deflating: C:\Users\HP\.cache\firebase\emulators\ui-v1.11.6\client\mstile-150x150.png
[debug] [2023-06-22T09:23:02.205Z] [unzip] Entry: client/browserconfig.xml (compressed_size=491 bytes, uncompressed_size=822 bytes)
[debug] [2023-06-22T09:23:02.205Z] [unzip] Processing entry: client\browserconfig.xml
[debug] [2023-06-22T09:23:02.205Z] [unzip] else mkdir: C:\Users\HP\.cache\firebase\emulators\ui-v1.11.6\client
[debug] [2023-06-22T09:23:02.205Z] [unzip] deflating: C:\Users\HP\.cache\firebase\emulators\ui-v1.11.6\client\browserconfig.xml
[debug] [2023-06-22T09:23:02.206Z] [unzip] Entry: client/robots.txt (compressed_size=26 bytes, uncompressed_size=26 bytes)
[debug] [2023-06-22T09:23:02.206Z] [unzip] Processing entry: client\robots.txt
[debug] [2023-06-22T09:23:02.206Z] [unzip] else mkdir: C:\Users\HP\.cache\firebase\emulators\ui-v1.11.6\client
[debug] [2023-06-22T09:23:02.206Z] [unzip] Writing file: C:\Users\HP\.cache\firebase\emulators\ui-v1.11.6\client\robots.txt
[debug] [2023-06-22T09:23:02.207Z] [unzip] Entry: client/index.html (compressed_size=1363 bytes, uncompressed_size=3064 bytes)
[debug] [2023-06-22T09:23:02.207Z] [unzip] Processing entry: client\index.html
[debug] [2023-06-22T09:23:02.207Z] [unzip] else mkdir: C:\Users\HP\.cache\firebase\emulators\ui-v1.11.6\client
[debug] [2023-06-22T09:23:02.207Z] [unzip] deflating: C:\Users\HP\.cache\firebase\emulators\ui-v1.11.6\client\index.html
[debug] [2023-06-22T09:23:02.208Z] [unzip] Entry: client/favicon-16x16.png (compressed_size=757 bytes, uncompressed_size=777 bytes)
[debug] [2023-06-22T09:23:02.208Z] [unzip] Processing entry: client\favicon-16x16.png
[debug] [2023-06-22T09:23:02.208Z] [unzip] else mkdir: C:\Users\HP\.cache\firebase\emulators\ui-v1.11.6\client
[debug] [2023-06-22T09:23:02.209Z] [unzip] deflating: C:\Users\HP\.cache\firebase\emulators\ui-v1.11.6\client\favicon-16x16.png
[debug] [2023-06-22T09:23:02.209Z] [unzip] Entry: client/manifest.json (compressed_size=246 bytes, uncompressed_size=551 bytes)
[debug] [2023-06-22T09:23:02.210Z] [unzip] Processing entry: client\manifest.json
[debug] [2023-06-22T09:23:02.210Z] [unzip] else mkdir: C:\Users\HP\.cache\firebase\emulators\ui-v1.11.6\client
[debug] [2023-06-22T09:23:02.210Z] [unzip] deflating: C:\Users\HP\.cache\firebase\emulators\ui-v1.11.6\client\manifest.json
[debug] [2023-06-22T09:23:02.211Z] [unzip] Entry: client/favicon-32x32.png (compressed_size=1175 bytes, uncompressed_size=1175 bytes)
[debug] [2023-06-22T09:23:02.211Z] [unzip] Processing entry: client\favicon-32x32.png
[debug] [2023-06-22T09:23:02.211Z] [unzip] else mkdir: C:\Users\HP\.cache\firebase\emulators\ui-v1.11.6\client
[debug] [2023-06-22T09:23:02.211Z] [unzip] Writing file: C:\Users\HP\.cache\firebase\emulators\ui-v1.11.6\client\favicon-32x32.png
[debug] [2023-06-22T09:23:02.212Z] [unzip] Entry: client/android-chrome-192x192.png (compressed_size=7602 bytes, uncompressed_size=7834 bytes)
[debug] [2023-06-22T09:23:02.212Z] [unzip] Processing entry: client\android-chrome-192x192.png
[debug] [2023-06-22T09:23:02.212Z] [unzip] else mkdir: C:\Users\HP\.cache\firebase\emulators\ui-v1.11.6\client
[debug] [2023-06-22T09:23:02.212Z] [unzip] deflating: C:\Users\HP\.cache\firebase\emulators\ui-v1.11.6\client\android-chrome-192x192.png
[debug] [2023-06-22T09:23:02.213Z] [unzip] Entry: server/ (compressed_size=0 bytes, uncompressed_size=0 bytes)
[debug] [2023-06-22T09:23:02.213Z] [unzip] Processing entry: server\
[debug] [2023-06-22T09:23:02.213Z] [unzip] mkdir: C:\Users\HP\.cache\firebase\emulators\ui-v1.11.6\server\
[debug] [2023-06-22T09:23:02.213Z] [unzip] Entry: server/server.js (compressed_size=343746 bytes, uncompressed_size=1346374 bytes)
[debug] [2023-06-22T09:23:02.213Z] [unzip] Processing entry: server\server.js
[debug] [2023-06-22T09:23:02.213Z] [unzip] else mkdir: C:\Users\HP\.cache\firebase\emulators\ui-v1.11.6\server
[debug] [2023-06-22T09:23:02.213Z] [unzip] deflating: C:\Users\HP\.cache\firebase\emulators\ui-v1.11.6\server\server.js
[debug] [2023-06-22T09:23:02.219Z] [unzip] Entry: server/server.js.map (compressed_size=289157 bytes, uncompressed_size=1325651 bytes)
[debug] [2023-06-22T09:23:02.219Z] [unzip] Processing entry: server\server.js.map
[debug] [2023-06-22T09:23:02.219Z] [unzip] else mkdir: C:\Users\HP\.cache\firebase\emulators\ui-v1.11.6\server
[debug] [2023-06-22T09:23:02.219Z] [unzip] deflating: C:\Users\HP\.cache\firebase\emulators\ui-v1.11.6\server\server.js.map
[debug] [2023-06-22T09:23:02.225Z] Ignoring unsupported arg: auto_download {"metadata":{"emulator":{"name":"ui"},"message":"Ignoring unsupported arg: auto_download"}}
[debug] [2023-06-22T09:23:02.225Z] Ignoring unsupported arg: port {"metadata":{"emulator":{"name":"ui"},"message":"Ignoring unsupported arg: port"}}
[debug] [2023-06-22T09:23:02.225Z] Starting Emulator UI with command {"binary":"node","args":["C:\\Users\\HP\\.cache\\firebase\\emulators\\ui-v1.11.6\\server\\server.js"],"optionalArgs":[],"joinArgs":false} {"metadata":{"emulator":{"name":"ui"},"message":"Starting Emulator UI with command {\"binary\":\"node\",\"args\":[\"C:\\\\Users\\\\HP\\\\.cache\\\\firebase\\\\emulators\\\\ui-v1.11.6\\\\server\\\\server.js\"],\"optionalArgs\":[],\"joinArgs\":false}"}}
[info] i  ui: Emulator UI logging to ui-debug.log {"metadata":{"emulator":{"name":"ui"},"message":"Emulator UI logging to \u001b[1mui-debug.log\u001b[22m"}}
[debug] [2023-06-22T09:23:02.330Z] Web / API server started at 127.0.0.1:4000
 {"metadata":{"emulator":{"name":"ui"},"message":"Web / API server started at 127.0.0.1:4000\n"}}
[debug] [2023-06-22T09:23:02.330Z] Web / API server started at ::1:4000
 {"metadata":{"emulator":{"name":"ui"},"message":"Web / API server started at ::1:4000\n"}}
[info] i  functions: Watching "C:\Users\HP\Desktop\Amazon_clone\amazon-clone\functions" for Cloud Functions... {"metadata":{"emulator":{"name":"functions"},"message":"Watching \"C:\\Users\\HP\\Desktop\\Amazon_clone\\amazon-clone\\functions\" for Cloud Functions..."}}
[debug] [2023-06-22T09:23:02.502Z] Validating nodejs source
[debug] [2023-06-22T09:23:04.392Z] > [functions] package.json contents: {
  "name": "functions",
  "description": "Cloud Functions for Firebase",
  "scripts": {
    "lint": "eslint .",
    "serve": "firebase emulators:start --only functions",
    "shell": "firebase functions:shell",
    "start": "npm run shell",
    "deploy": "firebase deploy --only functions",
    "logs": "firebase functions:log"
  },
  "engines": {
    "node": "18"
  },
  "main": "index.js",
  "dependencies": {
    "cors": "^2.8.5",
    "express": "^4.18.2",
    "firebase-admin": "^11.8.0",
    "firebase-functions": "^4.3.1",
    "stripe": "^12.9.0"
  },
  "devDependencies": {
    "eslint": "^8.15.0",
    "eslint-config-google": "^0.14.0",
    "firebase-functions-test": "^3.1.0"
  },
  "private": true
}
[debug] [2023-06-22T09:23:04.392Z] Building nodejs source
[debug] [2023-06-22T09:23:04.392Z] Failed to find version of module node: reached end of search path C:\Users\HP\Desktop\Amazon_clone\amazon-clone\functions\node_modules
[info] +  functions: Using node@18 from host. 
[debug] [2023-06-22T09:23:04.395Z] Could not find functions.yaml. Must use http discovery
[debug] [2023-06-22T09:23:04.403Z] Found firebase-functions binary at 'C:\Users\HP\Desktop\Amazon_clone\amazon-clone\functions\node_modules\.bin\firebase-functions'
[debug] [2023-06-22T09:23:04.677Z] Serving at port 8210

[debug] [2023-06-22T09:23:04.911Z] Got response from /__/functions.yaml Failed to generate manifest from function source: ReferenceError: functions is not defined
[debug] [2023-06-22T09:23:04.914Z] Failed to parse functions.yaml incomplete explicit mapping pair; a key node is missed; or followed by a non-tabulated empty line at line 1, column 65:
     ...  function source: ReferenceError: functions is not defined
                                         ^ {"name":"YAMLException","reason":"incomplete explicit mapping pair; a key node is missed; or followed by a non-tabulated empty line","mark":{"name":null,"buffer":"Failed to generate manifest from function source: ReferenceError: functions is not defined\n\u0000","position":64,"line":0,"column":64},"message":"incomplete explicit mapping pair; a key node is missed; or followed by a non-tabulated empty line at line 1, column 65:\n     ...  function source: ReferenceError: functions is not defined\n                                         ^"}
[debug] [2023-06-22T09:23:04.919Z] shutdown requested via /__/quitquitquit

[error] !!  functions: Failed to load function definition from source: FirebaseError: Failed to load function definition from source: Failed to generate manifest from function source: ReferenceError: functions is not defined {"metadata":{"emulator":{"name":"functions"},"message":"Failed to load function definition from source: FirebaseError: Failed to load function definition from source: Failed to generate manifest from function source: ReferenceError: functions is not defined"}}
[info] 
┌─────────────────────────────────────────────────────────────┐
│ ✔  All emulators ready! It is now safe to connect your app. │
│ i  View Emulator UI at http://127.0.0.1:4000/               │
└─────────────────────────────────────────────────────────────┘

┌───────────┬────────────────┬─────────────────────────────────┐
│ Emulator  │ Host:Port      │ View in Emulator UI             │
├───────────┼────────────────┼─────────────────────────────────┤
│ Functions │ 127.0.0.1:5001 │ http://127.0.0.1:4000/functions │
├───────────┼────────────────┼─────────────────────────────────┤
│ Hosting   │ 127.0.0.1:5000 │ n/a                             │
└───────────┴────────────────┴─────────────────────────────────┘
  Emulator Hub running at 127.0.0.1:4400
  Other reserved ports: 4500

Issues? Report them at https://github.com/firebase/firebase-tools/issues and attach the *-debug.log files.
 
